Betty Boop:
	1A-9B 17A-3B 18A-2B 18A-2B 
	[90%, 15%, 10%, 10%] = ISTJ

Snoopy:
	7A-3B 11A-9B 14A-6B 6A-14B 
	[30%, 45%, 30%, 70%] = ESTP

Bugs Bunny:
	8A-2B 11A-9B 17A-3B 9A-11B 
	[20%, 45%, 15%, 55%] = ESTP

Daffy Duck:
	0A-10B 16A-1B 16A-4B 17A-1B 
	[100%, 6%, 20%, 6%] = ISTJ

The frumious bandersnatch:
	1A-6B 1A-19B 5A-15B 4A-14B 
	[86%, 95%, 75%, 78%] = INFP

Minnie Mouse:
	3A-6B 13A-5B 13A-6B 18A-1B 
	[67%, 28%, 32%, 5%] = ISTJ

Luke Skywalker:
	1A-8B 7A-11B 14A-5B 15A-5B 
	[89%, 61%, 26%, 25%] = INTJ

Han Solo:
	2A-8B 9A-9B 11A-9B 15A-5B 
	[80%, 50%, 45%, 25%] = IXTJ

Princess Leia:
	2A-8B 10A-10B 9A-9B 19A-1B 
	[80%, 50%, 50%, 5%] = IXXJ

